# Logfile created on 2025-04-10 15:14:00 +0000 by logger.rb/v1.6.0
I, [2025-04-10T15:14:00.879441 #1]  INFO -- : Using GitHub Features: Defaults
I, [2025-04-10T15:14:00.879486 #1]  INFO -- : Auditing 'REDACTED://backstage-demo-bamboo.westeurope.cloudapp.azure.com'
I, [2025-04-10T15:14:00.885847 #1]  INFO -- request: GET REDACTED://backstage-demo-bamboo.westeurope.cloudapp.azure.com/rest/api/latest/info
I, [2025-04-10T15:14:01.246913 #1]  INFO -- response: Status 200
I, [2025-04-10T15:14:01.248649 #1]  INFO -- request: GET REDACTED://backstage-demo-bamboo.westeurope.cloudapp.azure.com/rest/api/latest/plan
I, [2025-04-10T15:14:01.583069 #1]  INFO -- response: Status 200
I, [2025-04-10T15:14:01.583748 #1]  INFO -- request: GET REDACTED://backstage-demo-bamboo.westeurope.cloudapp.azure.com/rest/api/latest/plan?start-index=2
I, [2025-04-10T15:14:01.934245 #1]  INFO -- response: Status 200
I, [2025-04-10T15:14:01.935034 #1]  INFO -- request: GET REDACTED://backstage-demo-bamboo.westeurope.cloudapp.azure.com/rest/api/latest/deploy/project/all
I, [2025-04-10T15:14:02.283847 #1]  INFO -- response: Status 200
I, [2025-04-10T15:14:02.284483 #1]  INFO -- : Thread collection size: 4
I, [2025-04-10T15:14:02.286510 #1]  INFO -- request: GET REDACTED://backstage-demo-bamboo.westeurope.cloudapp.azure.com/rest/api/latest/plan/PP-PLAN/specs?format=YAML
I, [2025-04-10T15:14:02.287320 #1]  INFO -- request: GET REDACTED://backstage-demo-bamboo.westeurope.cloudapp.azure.com/rest/api/latest/plan/PP-PP/specs?format=YAML
I, [2025-04-10T15:14:02.288067 #1]  INFO -- request: GET REDACTED://backstage-demo-bamboo.westeurope.cloudapp.azure.com/rest/api/latest/plan/PP-PLAN/specs?format=YAML
I, [2025-04-10T15:14:02.288929 #1]  INFO -- request: GET REDACTED://backstage-demo-bamboo.westeurope.cloudapp.azure.com/rest/api/latest/plan/PP-PP/specs?format=YAML
I, [2025-04-10T15:14:02.677268 #1]  INFO -- response: Status 200
I, [2025-04-10T15:14:02.679333 #1]  INFO -- request: GET REDACTED://backstage-demo-bamboo.westeurope.cloudapp.azure.com/rest/api/latest/plan/PP-PP
I, [2025-04-10T15:14:02.730047 #1]  INFO -- response: Status 200
I, [2025-04-10T15:14:02.730869 #1]  INFO -- request: GET REDACTED://backstage-demo-bamboo.westeurope.cloudapp.azure.com/rest/api/latest/plan/PP-PLAN
I, [2025-04-10T15:14:02.742246 #1]  INFO -- response: Status 200
I, [2025-04-10T15:14:02.743289 #1]  INFO -- request: GET REDACTED://backstage-demo-bamboo.westeurope.cloudapp.azure.com/rest/api/latest/plan/PP-PLAN
I, [2025-04-10T15:14:02.743823 #1]  INFO -- response: Status 200
I, [2025-04-10T15:14:02.744538 #1]  INFO -- request: GET REDACTED://backstage-demo-bamboo.westeurope.cloudapp.azure.com/rest/api/latest/plan/PP-PP
I, [2025-04-10T15:14:03.033009 #1]  INFO -- response: Status 200
I, [2025-04-10T15:14:03.033615 #1]  INFO -- request: GET REDACTED://backstage-demo-bamboo.westeurope.cloudapp.azure.com/rest/api/latest/plan/PP-PP/variables
I, [2025-04-10T15:14:03.099398 #1]  INFO -- response: Status 200
I, [2025-04-10T15:14:03.099982 #1]  INFO -- request: GET REDACTED://backstage-demo-bamboo.westeurope.cloudapp.azure.com/rest/api/latest/plan/PP-PLAN/variables
I, [2025-04-10T15:14:03.104290 #1]  INFO -- response: Status 200
I, [2025-04-10T15:14:03.104729 #1]  INFO -- request: GET REDACTED://backstage-demo-bamboo.westeurope.cloudapp.azure.com/rest/api/latest/plan/PP-PP/variables
I, [2025-04-10T15:14:03.107476 #1]  INFO -- response: Status 200
I, [2025-04-10T15:14:03.107948 #1]  INFO -- request: GET REDACTED://backstage-demo-bamboo.westeurope.cloudapp.azure.com/rest/api/latest/plan/PP-PLAN/variables
I, [2025-04-10T15:14:03.373003 #1]  INFO -- response: Status 200
I, [2025-04-10T15:14:03.373906 #1]  INFO -- request: GET REDACTED://backstage-demo-bamboo.westeurope.cloudapp.azure.com/rest/api/latest/project/PP/variables
I, [2025-04-10T15:14:03.454425 #1]  INFO -- response: Status 200
I, [2025-04-10T15:14:03.454952 #1]  INFO -- request: GET REDACTED://backstage-demo-bamboo.westeurope.cloudapp.azure.com/rest/api/latest/project/PP/variables
I, [2025-04-10T15:14:03.463918 #1]  INFO -- response: Status 200
I, [2025-04-10T15:14:03.464366 #1]  INFO -- request: GET REDACTED://backstage-demo-bamboo.westeurope.cloudapp.azure.com/rest/api/latest/project/PP/variables
I, [2025-04-10T15:14:03.464698 #1]  INFO -- response: Status 200
I, [2025-04-10T15:14:03.465291 #1]  INFO -- request: GET REDACTED://backstage-demo-bamboo.westeurope.cloudapp.azure.com/rest/api/latest/project/PP/variables
I, [2025-04-10T15:14:03.734567 #1]  INFO -- response: Status 200
I, [2025-04-10T15:14:03.735001 #1]  INFO -- request: GET REDACTED://backstage-demo-bamboo.westeurope.cloudapp.azure.com/rest/api/latest/project/PP
I, [2025-04-10T15:14:03.808646 #1]  INFO -- response: Status 200
I, [2025-04-10T15:14:03.809193 #1]  INFO -- request: GET REDACTED://backstage-demo-bamboo.westeurope.cloudapp.azure.com/rest/api/latest/project/PP
I, [2025-04-10T15:14:03.824316 #1]  INFO -- response: Status 200
I, [2025-04-10T15:14:03.824856 #1]  INFO -- request: GET REDACTED://backstage-demo-bamboo.westeurope.cloudapp.azure.com/rest/api/latest/project/PP
I, [2025-04-10T15:14:03.828433 #1]  INFO -- response: Status 200
I, [2025-04-10T15:14:03.828847 #1]  INFO -- request: GET REDACTED://backstage-demo-bamboo.westeurope.cloudapp.azure.com/rest/api/latest/project/PP
I, [2025-04-10T15:14:04.087112 #1]  INFO -- response: Status 200
I, [2025-04-10T15:14:04.088081 #1]  INFO -- request: GET REDACTED://backstage-demo-bamboo.westeurope.cloudapp.azure.com/rest/api/latest/plan/PP-PP-JOB1
I, [2025-04-10T15:14:04.164363 #1]  INFO -- response: Status 200
I, [2025-04-10T15:14:04.164939 #1]  INFO -- request: GET REDACTED://backstage-demo-bamboo.westeurope.cloudapp.azure.com/rest/api/latest/plan/PP-PLAN-JOB1
I, [2025-04-10T15:14:04.174298 #1]  INFO -- response: Status 200
I, [2025-04-10T15:14:04.174806 #1]  INFO -- request: GET REDACTED://backstage-demo-bamboo.westeurope.cloudapp.azure.com/rest/api/latest/plan/PP-PP-JOB1
I, [2025-04-10T15:14:04.183782 #1]  INFO -- response: Status 200
I, [2025-04-10T15:14:04.184434 #1]  INFO -- request: GET REDACTED://backstage-demo-bamboo.westeurope.cloudapp.azure.com/rest/api/latest/plan/PP-PLAN-JOB1
I, [2025-04-10T15:14:04.440883 #1]  INFO -- response: Status 200
I, [2025-04-10T15:14:04.530730 #1]  INFO -- response: Status 200
I, [2025-04-10T15:14:04.541642 #1]  INFO -- response: Status 200
I, [2025-04-10T15:14:04.551610 #1]  INFO -- response: Status 200
D, [2025-04-10T15:14:04.553698 #1] DEBUG -- : [Transformers::Bamboo::Steps]: Failed to locate transformer for 'any-task/plugin-key/com.atlassian.bamboo.plugins.tomcat.bamboo-tomcat-plugin:deployAppTask'
D, [2025-04-10T15:14:04.559981 #1] DEBUG -- : [Transformers::Bamboo::Steps]: Failed to locate transformer for 'any-task/plugin-key/com.atlassian.bamboo.plugins.tomcat.bamboo-tomcat-plugin:deployAppTask'
I, [2025-04-10T15:14:04.564314 #1]  INFO -- : Output file(s):
I, [2025-04-10T15:14:04.566533 #1]  INFO -- :   tmp/audit/build/pp/plan2/.github/workflows/plan2.yml
I, [2025-04-10T15:14:04.567065 #1]  INFO -- :   tmp/audit/build/pp/plan2/config.json
I, [2025-04-10T15:14:04.567648 #1]  INFO -- :   tmp/audit/build/pp/plan2/source.yml
I, [2025-04-10T15:14:04.568907 #1]  INFO -- :   tmp/audit/build/pp/pp/.github/workflows/pp.yml
I, [2025-04-10T15:14:04.569497 #1]  INFO -- :   tmp/audit/build/pp/pp/config.json
I, [2025-04-10T15:14:04.570158 #1]  INFO -- :   tmp/audit/build/pp/pp/source.yml
I, [2025-04-10T15:14:04.571559 #1]  INFO -- :   tmp/audit/build/pp/plan2/.github/workflows/plan2.yml
I, [2025-04-10T15:14:04.572315 #1]  INFO -- :   tmp/audit/build/pp/plan2/config.json
I, [2025-04-10T15:14:04.573094 #1]  INFO -- :   tmp/audit/build/pp/plan2/source.yml
I, [2025-04-10T15:14:04.574584 #1]  INFO -- :   tmp/audit/build/pp/pp/.github/workflows/pp.yml
I, [2025-04-10T15:14:04.575557 #1]  INFO -- :   tmp/audit/build/pp/pp/config.json
I, [2025-04-10T15:14:04.576585 #1]  INFO -- :   tmp/audit/build/pp/pp/source.yml
I, [2025-04-10T15:14:04.578310 #1]  INFO -- :   tmp/audit/workflow_usage.csv
I, [2025-04-10T15:14:04.583442 #1]  INFO -- :   tmp/audit/audit_summary.md
W, [2025-04-10T15:14:09.436656 #1]  WARN -- : Secrets redacted in file(s):
W, [2025-04-10T15:14:09.436985 #1]  WARN -- :   tmp/audit/build/pp/plan2/.github/workflows/plan2.yml
W, [2025-04-10T15:14:09.437138 #1]  WARN -- :   tmp/audit/build/pp/plan2/config.json
W, [2025-04-10T15:14:09.437248 #1]  WARN -- :   tmp/audit/build/pp/plan2/source.yml
W, [2025-04-10T15:14:09.437361 #1]  WARN -- :   tmp/audit/log/valet-20250410-151400.log
I, [2025-04-10T15:14:09.475065 #1]  INFO -- request: GET https://api.github.com/user
I, [2025-04-10T15:14:09.693364 #1]  INFO -- response: Status 200
I, [2025-04-10T15:14:09.694584 #1]  INFO -- : Sending telemetry with transaction id '4398fbfc-754b-4b77-bafa-98b91b23b60b'
