# Logfile created on 2025-04-10 14:22:29 +0000 by logger.rb/v1.6.0
I, [2025-04-10T14:22:29.172383 #1]  INFO -- : Using GitHub Features: Defaults
I, [2025-04-10T14:22:29.172451 #1]  INFO -- : Auditing 'REDACTED://backstage-demo-bamboo.westeurope.cloudapp.azure.com'
I, [2025-04-10T14:22:29.180079 #1]  INFO -- request: GET REDACTED://backstage-demo-bamboo.westeurope.cloudapp.azure.com/rest/api/latest/info
I, [2025-04-10T14:22:29.453195 #1]  INFO -- response: Status 200
I, [2025-04-10T14:22:29.455022 #1]  INFO -- request: GET REDACTED://backstage-demo-bamboo.westeurope.cloudapp.azure.com/rest/api/latest/plan
I, [2025-04-10T14:22:29.708038 #1]  INFO -- response: Status 200
I, [2025-04-10T14:22:29.708795 #1]  INFO -- request: GET REDACTED://backstage-demo-bamboo.westeurope.cloudapp.azure.com/rest/api/latest/plan?start-index=1
I, [2025-04-10T14:22:29.960528 #1]  INFO -- response: Status 200
I, [2025-04-10T14:22:29.961241 #1]  INFO -- request: GET REDACTED://backstage-demo-bamboo.westeurope.cloudapp.azure.com/rest/api/latest/deploy/project/all
I, [2025-04-10T14:22:30.222854 #1]  INFO -- response: Status 200
I, [2025-04-10T14:22:30.223472 #1]  INFO -- : Thread collection size: 4
I, [2025-04-10T14:22:30.225353 #1]  INFO -- request: GET REDACTED://backstage-demo-bamboo.westeurope.cloudapp.azure.com/rest/api/latest/plan/PP-PP/specs?format=YAML
I, [2025-04-10T14:22:30.226173 #1]  INFO -- request: GET REDACTED://backstage-demo-bamboo.westeurope.cloudapp.azure.com/rest/api/latest/plan/PP-PP/specs?format=YAML
I, [2025-04-10T14:22:30.513905 #1]  INFO -- response: Status 200
I, [2025-04-10T14:22:30.513994 #1]  INFO -- response: Status 200
I, [2025-04-10T14:22:30.516467 #1]  INFO -- request: GET REDACTED://backstage-demo-bamboo.westeurope.cloudapp.azure.com/rest/api/latest/plan/PP-PP
I, [2025-04-10T14:22:30.523696 #1]  INFO -- request: GET REDACTED://backstage-demo-bamboo.westeurope.cloudapp.azure.com/rest/api/latest/plan/PP-PP
I, [2025-04-10T14:22:30.804448 #1]  INFO -- response: Status 200
I, [2025-04-10T14:22:30.805193 #1]  INFO -- request: GET REDACTED://backstage-demo-bamboo.westeurope.cloudapp.azure.com/rest/api/latest/plan/PP-PP/variables
I, [2025-04-10T14:22:30.805730 #1]  INFO -- response: Status 200
I, [2025-04-10T14:22:30.806237 #1]  INFO -- request: GET REDACTED://backstage-demo-bamboo.westeurope.cloudapp.azure.com/rest/api/latest/plan/PP-PP/variables
I, [2025-04-10T14:22:31.074551 #1]  INFO -- response: Status 200
I, [2025-04-10T14:22:31.075256 #1]  INFO -- request: GET REDACTED://backstage-demo-bamboo.westeurope.cloudapp.azure.com/rest/api/latest/project/PP/variables
I, [2025-04-10T14:22:31.076178 #1]  INFO -- response: Status 200
I, [2025-04-10T14:22:31.076680 #1]  INFO -- request: GET REDACTED://backstage-demo-bamboo.westeurope.cloudapp.azure.com/rest/api/latest/project/PP/variables
I, [2025-04-10T14:22:31.346887 #1]  INFO -- response: Status 200
I, [2025-04-10T14:22:31.347635 #1]  INFO -- request: GET REDACTED://backstage-demo-bamboo.westeurope.cloudapp.azure.com/rest/api/latest/project/PP
I, [2025-04-10T14:22:31.346983 #1]  INFO -- response: Status 200
I, [2025-04-10T14:22:31.348446 #1]  INFO -- request: GET REDACTED://backstage-demo-bamboo.westeurope.cloudapp.azure.com/rest/api/latest/project/PP
I, [2025-04-10T14:22:31.600910 #1]  INFO -- response: Status 200
I, [2025-04-10T14:22:31.602036 #1]  INFO -- request: GET REDACTED://backstage-demo-bamboo.westeurope.cloudapp.azure.com/rest/api/latest/plan/PP-PP-JOB1
I, [2025-04-10T14:22:31.617073 #1]  INFO -- response: Status 200
I, [2025-04-10T14:22:31.617685 #1]  INFO -- request: GET REDACTED://backstage-demo-bamboo.westeurope.cloudapp.azure.com/rest/api/latest/plan/PP-PP-JOB1
I, [2025-04-10T14:22:31.862160 #1]  INFO -- response: Status 200
I, [2025-04-10T14:22:31.869921 #1]  INFO -- response: Status 200
I, [2025-04-10T14:22:31.875880 #1]  INFO -- : Output file(s):
I, [2025-04-10T14:22:31.878545 #1]  INFO -- :   tmp/audit/build/pp/pp/.github/workflows/pp.yml
I, [2025-04-10T14:22:31.879123 #1]  INFO -- :   tmp/audit/build/pp/pp/config.json
I, [2025-04-10T14:22:31.879761 #1]  INFO -- :   tmp/audit/build/pp/pp/source.yml
I, [2025-04-10T14:22:31.880861 #1]  INFO -- :   tmp/audit/build/pp/pp/.github/workflows/pp.yml
I, [2025-04-10T14:22:31.881411 #1]  INFO -- :   tmp/audit/build/pp/pp/config.json
I, [2025-04-10T14:22:31.881999 #1]  INFO -- :   tmp/audit/build/pp/pp/source.yml
I, [2025-04-10T14:22:31.883259 #1]  INFO -- :   tmp/audit/workflow_usage.csv
I, [2025-04-10T14:22:31.885088 #1]  INFO -- :   tmp/audit/audit_summary.md
W, [2025-04-10T14:22:36.449847 #1]  WARN -- : Secrets redacted in file(s):
W, [2025-04-10T14:22:36.450120 #1]  WARN -- :   tmp/audit/log/valet-20250410-142229.log
I, [2025-04-10T14:22:36.489850 #1]  INFO -- request: GET https://api.github.com/user
I, [2025-04-10T14:22:36.681796 #1]  INFO -- response: Status 200
I, [2025-04-10T14:22:36.683146 #1]  INFO -- : Sending telemetry with transaction id '5ba10809-3054-48e8-bbaf-4cba94d24948'
