# Logfile created on 2025-04-14 07:18:03 +0000 by logger.rb/v1.6.0
I, [2025-04-14T07:18:03.615918 #1]  INFO -- : Using GitHub Features: Defaults
I, [2025-04-14T07:18:03.615969 #1]  INFO -- : Auditing 'REDACTED://backstage-demo-bamboo.westeurope.cloudapp.azure.com'
I, [2025-04-14T07:18:03.623075 #1]  INFO -- request: GET REDACTED://backstage-demo-bamboo.westeurope.cloudapp.azure.com/rest/api/latest/info
I, [2025-04-14T07:18:03.881702 #1]  INFO -- response: Status 200
I, [2025-04-14T07:18:03.883415 #1]  INFO -- request: GET REDACTED://backstage-demo-bamboo.westeurope.cloudapp.azure.com/rest/api/latest/plan
I, [2025-04-14T07:18:04.185293 #1]  INFO -- response: Status 200
I, [2025-04-14T07:18:04.186193 #1]  INFO -- request: GET REDACTED://backstage-demo-bamboo.westeurope.cloudapp.azure.com/rest/api/latest/plan?start-index=1
I, [2025-04-14T07:18:04.427436 #1]  INFO -- response: Status 200
I, [2025-04-14T07:18:04.428253 #1]  INFO -- request: GET REDACTED://backstage-demo-bamboo.westeurope.cloudapp.azure.com/rest/api/latest/deploy/project/all
I, [2025-04-14T07:18:04.670371 #1]  INFO -- response: Status 200
I, [2025-04-14T07:18:04.671061 #1]  INFO -- : Thread collection size: 4
I, [2025-04-14T07:18:04.673033 #1]  INFO -- request: GET REDACTED://backstage-demo-bamboo.westeurope.cloudapp.azure.com/rest/api/latest/plan/ASD-PLAN/specs?format=YAML
I, [2025-04-14T07:18:04.673781 #1]  INFO -- request: GET REDACTED://backstage-demo-bamboo.westeurope.cloudapp.azure.com/rest/api/latest/plan/ASD-PLAN/specs?format=YAML
I, [2025-04-14T07:18:05.181469 #1]  INFO -- response: Status 200
I, [2025-04-14T07:18:05.183902 #1]  INFO -- request: GET REDACTED://backstage-demo-bamboo.westeurope.cloudapp.azure.com/rest/api/latest/plan/ASD-PLAN
I, [2025-04-14T07:18:05.183958 #1]  INFO -- response: Status 200
I, [2025-04-14T07:18:05.185372 #1]  INFO -- request: GET REDACTED://backstage-demo-bamboo.westeurope.cloudapp.azure.com/rest/api/latest/plan/ASD-PLAN
I, [2025-04-14T07:18:05.467198 #1]  INFO -- response: Status 200
I, [2025-04-14T07:18:05.467895 #1]  INFO -- request: GET REDACTED://backstage-demo-bamboo.westeurope.cloudapp.azure.com/rest/api/latest/plan/ASD-PLAN/variables
I, [2025-04-14T07:18:05.470421 #1]  INFO -- response: Status 200
I, [2025-04-14T07:18:05.470939 #1]  INFO -- request: GET REDACTED://backstage-demo-bamboo.westeurope.cloudapp.azure.com/rest/api/latest/plan/ASD-PLAN/variables
I, [2025-04-14T07:18:05.719695 #1]  INFO -- response: Status 200
I, [2025-04-14T07:18:05.720497 #1]  INFO -- request: GET REDACTED://backstage-demo-bamboo.westeurope.cloudapp.azure.com/rest/api/latest/project/ASD/variables
I, [2025-04-14T07:18:05.721212 #1]  INFO -- response: Status 200
I, [2025-04-14T07:18:05.729154 #1]  INFO -- request: GET REDACTED://backstage-demo-bamboo.westeurope.cloudapp.azure.com/rest/api/latest/project/ASD/variables
I, [2025-04-14T07:18:05.985183 #1]  INFO -- response: Status 200
I, [2025-04-14T07:18:05.985885 #1]  INFO -- request: GET REDACTED://backstage-demo-bamboo.westeurope.cloudapp.azure.com/rest/api/latest/project/ASD
I, [2025-04-14T07:18:05.987203 #1]  INFO -- response: Status 200
I, [2025-04-14T07:18:05.987824 #1]  INFO -- request: GET REDACTED://backstage-demo-bamboo.westeurope.cloudapp.azure.com/rest/api/latest/project/ASD
I, [2025-04-14T07:18:06.227578 #1]  INFO -- response: Status 200
I, [2025-04-14T07:18:06.228644 #1]  INFO -- request: GET REDACTED://backstage-demo-bamboo.westeurope.cloudapp.azure.com/rest/api/latest/plan/ASD-PLAN-JOB1
I, [2025-04-14T07:18:06.229625 #1]  INFO -- response: Status 200
I, [2025-04-14T07:18:06.230170 #1]  INFO -- request: GET REDACTED://backstage-demo-bamboo.westeurope.cloudapp.azure.com/rest/api/latest/plan/ASD-PLAN-JOB1
I, [2025-04-14T07:18:06.514127 #1]  INFO -- response: Status 200
I, [2025-04-14T07:18:06.517098 #1]  INFO -- response: Status 200
D, [2025-04-14T07:18:06.520180 #1] DEBUG -- : [Transformers::Bamboo::Steps]: Failed to locate transformer for 'any-task/plugin-key/com.atlassian.bamboo.plugins.tomcat.bamboo-tomcat-plugin:deployAppTask'
D, [2025-04-14T07:18:06.527374 #1] DEBUG -- : [Transformers::Bamboo::Steps]: Failed to locate transformer for 'any-task/plugin-key/com.atlassian.bamboo.plugins.tomcat.bamboo-tomcat-plugin:deployAppTask'
I, [2025-04-14T07:18:06.531414 #1]  INFO -- : Output file(s):
I, [2025-04-14T07:18:06.533939 #1]  INFO -- :   tmp/audit/build/asd/plan/.github/workflows/plan.yml
I, [2025-04-14T07:18:06.534479 #1]  INFO -- :   tmp/audit/build/asd/plan/config.json
I, [2025-04-14T07:18:06.535099 #1]  INFO -- :   tmp/audit/build/asd/plan/source.yml
I, [2025-04-14T07:18:06.536378 #1]  INFO -- :   tmp/audit/build/asd/plan/.github/workflows/plan.yml
I, [2025-04-14T07:18:06.537189 #1]  INFO -- :   tmp/audit/build/asd/plan/config.json
I, [2025-04-14T07:18:06.537789 #1]  INFO -- :   tmp/audit/build/asd/plan/source.yml
I, [2025-04-14T07:18:06.538824 #1]  INFO -- :   tmp/audit/workflow_usage.csv
I, [2025-04-14T07:18:06.541186 #1]  INFO -- :   tmp/audit/audit_summary.md
W, [2025-04-14T07:18:10.937743 #1]  WARN -- : Secrets redacted in file(s):
W, [2025-04-14T07:18:10.938218 #1]  WARN -- :   tmp/audit/build/asd/plan/.github/workflows/plan.yml
W, [2025-04-14T07:18:10.938531 #1]  WARN -- :   tmp/audit/build/asd/plan/config.json
W, [2025-04-14T07:18:10.938809 #1]  WARN -- :   tmp/audit/build/asd/plan/source.yml
W, [2025-04-14T07:18:10.939062 #1]  WARN -- :   tmp/audit/log/valet-20250414-071803.log
I, [2025-04-14T07:18:10.979780 #1]  INFO -- request: GET https://api.github.com/user
I, [2025-04-14T07:18:11.087685 #1]  INFO -- response: Status 200
I, [2025-04-14T07:18:11.088917 #1]  INFO -- : Sending telemetry with transaction id '490f0d28-1867-4a6c-9bfe-071abbe170c3'
