# Logfile created on 2025-04-10 14:37:54 +0000 by logger.rb/v1.6.0
I, [2025-04-10T14:37:54.643238 #1]  INFO -- : Using GitHub Features: Defaults
I, [2025-04-10T14:37:54.643311 #1]  INFO -- : Auditing 'REDACTED://backstage-demo-bamboo.westeurope.cloudapp.azure.com'
I, [2025-04-10T14:37:54.651102 #1]  INFO -- request: GET REDACTED://backstage-demo-bamboo.westeurope.cloudapp.azure.com/rest/api/latest/info
I, [2025-04-10T14:37:54.915555 #1]  INFO -- response: Status 200
I, [2025-04-10T14:37:54.917068 #1]  INFO -- request: GET REDACTED://backstage-demo-bamboo.westeurope.cloudapp.azure.com/rest/api/latest/plan
I, [2025-04-10T14:37:55.166213 #1]  INFO -- response: Status 200
I, [2025-04-10T14:37:55.166950 #1]  INFO -- request: GET REDACTED://backstage-demo-bamboo.westeurope.cloudapp.azure.com/rest/api/latest/plan?start-index=2
I, [2025-04-10T14:37:55.412187 #1]  INFO -- response: Status 200
I, [2025-04-10T14:37:55.412909 #1]  INFO -- request: GET REDACTED://backstage-demo-bamboo.westeurope.cloudapp.azure.com/rest/api/latest/deploy/project/all
I, [2025-04-10T14:37:55.667156 #1]  INFO -- response: Status 200
I, [2025-04-10T14:37:55.667700 #1]  INFO -- : Thread collection size: 4
I, [2025-04-10T14:37:55.669755 #1]  INFO -- request: GET REDACTED://backstage-demo-bamboo.westeurope.cloudapp.azure.com/rest/api/latest/plan/PP-PLAN/specs?format=YAML
I, [2025-04-10T14:37:55.670573 #1]  INFO -- request: GET REDACTED://backstage-demo-bamboo.westeurope.cloudapp.azure.com/rest/api/latest/plan/PP-PP/specs?format=YAML
I, [2025-04-10T14:37:55.671271 #1]  INFO -- request: GET REDACTED://backstage-demo-bamboo.westeurope.cloudapp.azure.com/rest/api/latest/plan/PP-PLAN/specs?format=YAML
I, [2025-04-10T14:37:55.672082 #1]  INFO -- request: GET REDACTED://backstage-demo-bamboo.westeurope.cloudapp.azure.com/rest/api/latest/plan/PP-PP/specs?format=YAML
I, [2025-04-10T14:37:55.993120 #1]  INFO -- response: Status 200
I, [2025-04-10T14:37:55.994251 #1]  INFO -- response: Status 200
I, [2025-04-10T14:37:55.995623 #1]  INFO -- request: GET REDACTED://backstage-demo-bamboo.westeurope.cloudapp.azure.com/rest/api/latest/plan/PP-PP
I, [2025-04-10T14:37:55.996083 #1]  INFO -- request: GET REDACTED://backstage-demo-bamboo.westeurope.cloudapp.azure.com/rest/api/latest/plan/PP-PP
I, [2025-04-10T14:37:56.065286 #1]  INFO -- response: Status 200
I, [2025-04-10T14:37:56.066133 #1]  INFO -- request: GET REDACTED://backstage-demo-bamboo.westeurope.cloudapp.azure.com/rest/api/latest/plan/PP-PLAN
I, [2025-04-10T14:37:56.067656 #1]  INFO -- response: Status 200
I, [2025-04-10T14:37:56.068545 #1]  INFO -- request: GET REDACTED://backstage-demo-bamboo.westeurope.cloudapp.azure.com/rest/api/latest/plan/PP-PLAN
I, [2025-04-10T14:37:56.294149 #1]  INFO -- response: Status 200
I, [2025-04-10T14:37:56.294693 #1]  INFO -- request: GET REDACTED://backstage-demo-bamboo.westeurope.cloudapp.azure.com/rest/api/latest/plan/PP-PP/variables
I, [2025-04-10T14:37:56.297148 #1]  INFO -- response: Status 200
I, [2025-04-10T14:37:56.297637 #1]  INFO -- request: GET REDACTED://backstage-demo-bamboo.westeurope.cloudapp.azure.com/rest/api/latest/plan/PP-PP/variables
I, [2025-04-10T14:37:56.348715 #1]  INFO -- response: Status 200
I, [2025-04-10T14:37:56.349295 #1]  INFO -- request: GET REDACTED://backstage-demo-bamboo.westeurope.cloudapp.azure.com/rest/api/latest/plan/PP-PLAN/variables
I, [2025-04-10T14:37:56.351674 #1]  INFO -- response: Status 200
I, [2025-04-10T14:37:56.352191 #1]  INFO -- request: GET REDACTED://backstage-demo-bamboo.westeurope.cloudapp.azure.com/rest/api/latest/plan/PP-PLAN/variables
I, [2025-04-10T14:37:56.548355 #1]  INFO -- response: Status 200
I, [2025-04-10T14:37:56.548862 #1]  INFO -- request: GET REDACTED://backstage-demo-bamboo.westeurope.cloudapp.azure.com/rest/api/latest/project/PP/variables
I, [2025-04-10T14:37:56.550641 #1]  INFO -- response: Status 200
I, [2025-04-10T14:37:56.551714 #1]  INFO -- request: GET REDACTED://backstage-demo-bamboo.westeurope.cloudapp.azure.com/rest/api/latest/project/PP/variables
I, [2025-04-10T14:37:56.612266 #1]  INFO -- response: Status 200
I, [2025-04-10T14:37:56.612946 #1]  INFO -- request: GET REDACTED://backstage-demo-bamboo.westeurope.cloudapp.azure.com/rest/api/latest/project/PP/variables
I, [2025-04-10T14:37:56.614594 #1]  INFO -- response: Status 200
I, [2025-04-10T14:37:56.615121 #1]  INFO -- request: GET REDACTED://backstage-demo-bamboo.westeurope.cloudapp.azure.com/rest/api/latest/project/PP/variables
I, [2025-04-10T14:37:56.818180 #1]  INFO -- response: Status 200
I, [2025-04-10T14:37:56.818808 #1]  INFO -- request: GET REDACTED://backstage-demo-bamboo.westeurope.cloudapp.azure.com/rest/api/latest/project/PP
I, [2025-04-10T14:37:56.821203 #1]  INFO -- response: Status 200
I, [2025-04-10T14:37:56.821620 #1]  INFO -- request: GET REDACTED://backstage-demo-bamboo.westeurope.cloudapp.azure.com/rest/api/latest/project/PP
I, [2025-04-10T14:37:56.865043 #1]  INFO -- response: Status 200
I, [2025-04-10T14:37:56.865496 #1]  INFO -- request: GET REDACTED://backstage-demo-bamboo.westeurope.cloudapp.azure.com/rest/api/latest/project/PP
I, [2025-04-10T14:37:56.868068 #1]  INFO -- response: Status 200
I, [2025-04-10T14:37:56.868551 #1]  INFO -- request: GET REDACTED://backstage-demo-bamboo.westeurope.cloudapp.azure.com/rest/api/latest/project/PP
I, [2025-04-10T14:37:57.069787 #1]  INFO -- response: Status 200
I, [2025-04-10T14:37:57.070661 #1]  INFO -- request: GET REDACTED://backstage-demo-bamboo.westeurope.cloudapp.azure.com/rest/api/latest/plan/PP-PP-JOB1
I, [2025-04-10T14:37:57.072803 #1]  INFO -- response: Status 200
I, [2025-04-10T14:37:57.073271 #1]  INFO -- request: GET REDACTED://backstage-demo-bamboo.westeurope.cloudapp.azure.com/rest/api/latest/plan/PP-PP-JOB1
I, [2025-04-10T14:37:57.125034 #1]  INFO -- response: Status 200
I, [2025-04-10T14:37:57.125611 #1]  INFO -- request: GET REDACTED://backstage-demo-bamboo.westeurope.cloudapp.azure.com/rest/api/latest/plan/PP-PLAN-JOB1
I, [2025-04-10T14:37:57.130721 #1]  INFO -- response: Status 200
I, [2025-04-10T14:37:57.131189 #1]  INFO -- request: GET REDACTED://backstage-demo-bamboo.westeurope.cloudapp.azure.com/rest/api/latest/plan/PP-PLAN-JOB1
I, [2025-04-10T14:37:57.328259 #1]  INFO -- response: Status 200
I, [2025-04-10T14:37:57.334764 #1]  INFO -- response: Status 200
I, [2025-04-10T14:37:57.382119 #1]  INFO -- response: Status 200
I, [2025-04-10T14:37:57.382901 #1]  INFO -- response: Status 200
D, [2025-04-10T14:37:57.385180 #1] DEBUG -- : [Transformers::Bamboo::Steps]: Failed to locate transformer for 'any-task/plugin-key/com.atlassian.bamboo.plugins.tomcat.bamboo-tomcat-plugin:reloadAppTask'
D, [2025-04-10T14:37:57.391401 #1] DEBUG -- : [Transformers::Bamboo::Steps]: Failed to locate transformer for 'any-task/plugin-key/com.atlassian.bamboo.plugins.tomcat.bamboo-tomcat-plugin:reloadAppTask'
I, [2025-04-10T14:37:57.395912 #1]  INFO -- : Output file(s):
I, [2025-04-10T14:37:57.398904 #1]  INFO -- :   tmp/audit/build/pp/plan2/.github/workflows/plan2.yml
I, [2025-04-10T14:37:57.399446 #1]  INFO -- :   tmp/audit/build/pp/plan2/config.json
I, [2025-04-10T14:37:57.400110 #1]  INFO -- :   tmp/audit/build/pp/plan2/source.yml
I, [2025-04-10T14:37:57.401329 #1]  INFO -- :   tmp/audit/build/pp/pp/.github/workflows/pp.yml
I, [2025-04-10T14:37:57.402021 #1]  INFO -- :   tmp/audit/build/pp/pp/config.json
I, [2025-04-10T14:37:57.402714 #1]  INFO -- :   tmp/audit/build/pp/pp/source.yml
I, [2025-04-10T14:37:57.404054 #1]  INFO -- :   tmp/audit/build/pp/plan2/.github/workflows/plan2.yml
I, [2025-04-10T14:37:57.404757 #1]  INFO -- :   tmp/audit/build/pp/plan2/config.json
I, [2025-04-10T14:37:57.405530 #1]  INFO -- :   tmp/audit/build/pp/plan2/source.yml
I, [2025-04-10T14:37:57.406661 #1]  INFO -- :   tmp/audit/build/pp/pp/.github/workflows/pp.yml
I, [2025-04-10T14:37:57.407412 #1]  INFO -- :   tmp/audit/build/pp/pp/config.json
I, [2025-04-10T14:37:57.408216 #1]  INFO -- :   tmp/audit/build/pp/pp/source.yml
I, [2025-04-10T14:37:57.409490 #1]  INFO -- :   tmp/audit/workflow_usage.csv
I, [2025-04-10T14:37:57.413217 #1]  INFO -- :   tmp/audit/audit_summary.md
W, [2025-04-10T14:38:01.932925 #1]  WARN -- : Secrets redacted in file(s):
W, [2025-04-10T14:38:01.933160 #1]  WARN -- :   tmp/audit/build/pp/plan2/.github/workflows/plan2.yml
W, [2025-04-10T14:38:01.933326 #1]  WARN -- :   tmp/audit/build/pp/plan2/config.json
W, [2025-04-10T14:38:01.933523 #1]  WARN -- :   tmp/audit/build/pp/plan2/source.yml
W, [2025-04-10T14:38:01.933657 #1]  WARN -- :   tmp/audit/log/valet-20250410-143754.log
I, [2025-04-10T14:38:01.972479 #1]  INFO -- request: GET https://api.github.com/user
I, [2025-04-10T14:38:02.112830 #1]  INFO -- response: Status 200
I, [2025-04-10T14:38:02.114055 #1]  INFO -- : Sending telemetry with transaction id '92e951a5-7aa5-4dd8-888a-7abe7941a8c5'
