# Logfile created on 2025-04-10 15:16:33 +0000 by logger.rb/v1.6.0
I, [2025-04-10T15:16:33.322271 #1]  INFO -- : Using GitHub Features: Defaults
I, [2025-04-10T15:16:33.322316 #1]  INFO -- : Auditing 'REDACTED://backstage-demo-bamboo.westeurope.cloudapp.azure.com'
I, [2025-04-10T15:16:33.328828 #1]  INFO -- request: GET REDACTED://backstage-demo-bamboo.westeurope.cloudapp.azure.com/rest/api/latest/info
I, [2025-04-10T15:16:33.573431 #1]  INFO -- response: Status 200
I, [2025-04-10T15:16:33.575166 #1]  INFO -- request: GET REDACTED://backstage-demo-bamboo.westeurope.cloudapp.azure.com/rest/api/latest/plan
I, [2025-04-10T15:16:33.789844 #1]  INFO -- response: Status 200
I, [2025-04-10T15:16:33.790661 #1]  INFO -- request: GET REDACTED://backstage-demo-bamboo.westeurope.cloudapp.azure.com/rest/api/latest/plan?start-index=2
I, [2025-04-10T15:16:34.001966 #1]  INFO -- response: Status 200
I, [2025-04-10T15:16:34.002615 #1]  INFO -- request: GET REDACTED://backstage-demo-bamboo.westeurope.cloudapp.azure.com/rest/api/latest/deploy/project/all
I, [2025-04-10T15:16:34.242598 #1]  INFO -- response: Status 200
I, [2025-04-10T15:16:34.243318 #1]  INFO -- : Thread collection size: 4
I, [2025-04-10T15:16:34.245441 #1]  INFO -- request: GET REDACTED://backstage-demo-bamboo.westeurope.cloudapp.azure.com/rest/api/latest/plan/PP-PLAN/specs?format=YAML
I, [2025-04-10T15:16:34.246204 #1]  INFO -- request: GET REDACTED://backstage-demo-bamboo.westeurope.cloudapp.azure.com/rest/api/latest/plan/PP-PP/specs?format=YAML
I, [2025-04-10T15:16:34.246942 #1]  INFO -- request: GET REDACTED://backstage-demo-bamboo.westeurope.cloudapp.azure.com/rest/api/latest/plan/PP-PLAN/specs?format=YAML
I, [2025-04-10T15:16:34.247677 #1]  INFO -- request: GET REDACTED://backstage-demo-bamboo.westeurope.cloudapp.azure.com/rest/api/latest/plan/PP-PP/specs?format=YAML
I, [2025-04-10T15:16:34.507143 #1]  INFO -- response: Status 200
I, [2025-04-10T15:16:34.509273 #1]  INFO -- request: GET REDACTED://backstage-demo-bamboo.westeurope.cloudapp.azure.com/rest/api/latest/plan/PP-PP
I, [2025-04-10T15:16:34.520504 #1]  INFO -- response: Status 200
I, [2025-04-10T15:16:34.521252 #1]  INFO -- request: GET REDACTED://backstage-demo-bamboo.westeurope.cloudapp.azure.com/rest/api/latest/plan/PP-PP
I, [2025-04-10T15:16:34.527067 #1]  INFO -- response: Status 200
I, [2025-04-10T15:16:34.527894 #1]  INFO -- request: GET REDACTED://backstage-demo-bamboo.westeurope.cloudapp.azure.com/rest/api/latest/plan/PP-PLAN
I, [2025-04-10T15:16:34.530065 #1]  INFO -- response: Status 200
I, [2025-04-10T15:16:34.530982 #1]  INFO -- request: GET REDACTED://backstage-demo-bamboo.westeurope.cloudapp.azure.com/rest/api/latest/plan/PP-PLAN
I, [2025-04-10T15:16:34.759047 #1]  INFO -- response: Status 200
I, [2025-04-10T15:16:34.759795 #1]  INFO -- request: GET REDACTED://backstage-demo-bamboo.westeurope.cloudapp.azure.com/rest/api/latest/plan/PP-PP/variables
I, [2025-04-10T15:16:34.764145 #1]  INFO -- response: Status 200
I, [2025-04-10T15:16:34.764677 #1]  INFO -- request: GET REDACTED://backstage-demo-bamboo.westeurope.cloudapp.azure.com/rest/api/latest/plan/PP-PP/variables
I, [2025-04-10T15:16:34.773460 #1]  INFO -- response: Status 200
I, [2025-04-10T15:16:34.773937 #1]  INFO -- request: GET REDACTED://backstage-demo-bamboo.westeurope.cloudapp.azure.com/rest/api/latest/plan/PP-PLAN/variables
I, [2025-04-10T15:16:34.780723 #1]  INFO -- response: Status 200
I, [2025-04-10T15:16:34.781195 #1]  INFO -- request: GET REDACTED://backstage-demo-bamboo.westeurope.cloudapp.azure.com/rest/api/latest/plan/PP-PLAN/variables
I, [2025-04-10T15:16:34.975563 #1]  INFO -- response: Status 200
I, [2025-04-10T15:16:34.976117 #1]  INFO -- request: GET REDACTED://backstage-demo-bamboo.westeurope.cloudapp.azure.com/rest/api/latest/project/PP/variables
I, [2025-04-10T15:16:34.991490 #1]  INFO -- response: Status 200
I, [2025-04-10T15:16:34.992181 #1]  INFO -- request: GET REDACTED://backstage-demo-bamboo.westeurope.cloudapp.azure.com/rest/api/latest/project/PP/variables
I, [2025-04-10T15:16:34.999778 #1]  INFO -- response: Status 200
I, [2025-04-10T15:16:35.000131 #1]  INFO -- request: GET REDACTED://backstage-demo-bamboo.westeurope.cloudapp.azure.com/rest/api/latest/project/PP/variables
I, [2025-04-10T15:16:35.001301 #1]  INFO -- response: Status 200
I, [2025-04-10T15:16:35.001730 #1]  INFO -- request: GET REDACTED://backstage-demo-bamboo.westeurope.cloudapp.azure.com/rest/api/latest/project/PP/variables
I, [2025-04-10T15:16:35.212669 #1]  INFO -- response: Status 200
I, [2025-04-10T15:16:35.213299 #1]  INFO -- request: GET REDACTED://backstage-demo-bamboo.westeurope.cloudapp.azure.com/rest/api/latest/project/PP
I, [2025-04-10T15:16:35.223484 #1]  INFO -- response: Status 200
I, [2025-04-10T15:16:35.224010 #1]  INFO -- request: GET REDACTED://backstage-demo-bamboo.westeurope.cloudapp.azure.com/rest/api/latest/project/PP
I, [2025-04-10T15:16:35.226021 #1]  INFO -- response: Status 200
I, [2025-04-10T15:16:35.226421 #1]  INFO -- request: GET REDACTED://backstage-demo-bamboo.westeurope.cloudapp.azure.com/rest/api/latest/project/PP
I, [2025-04-10T15:16:35.226952 #1]  INFO -- response: Status 200
I, [2025-04-10T15:16:35.227362 #1]  INFO -- request: GET REDACTED://backstage-demo-bamboo.westeurope.cloudapp.azure.com/rest/api/latest/project/PP
I, [2025-04-10T15:16:35.458947 #1]  INFO -- response: Status 200
I, [2025-04-10T15:16:35.460065 #1]  INFO -- request: GET REDACTED://backstage-demo-bamboo.westeurope.cloudapp.azure.com/rest/api/latest/plan/PP-PLAN-JOB1
I, [2025-04-10T15:16:35.460569 #1]  INFO -- response: Status 200
I, [2025-04-10T15:16:35.461218 #1]  INFO -- request: GET REDACTED://backstage-demo-bamboo.westeurope.cloudapp.azure.com/rest/api/latest/plan/PP-PP-JOB1
I, [2025-04-10T15:16:35.468574 #1]  INFO -- response: Status 200
I, [2025-04-10T15:16:35.469064 #1]  INFO -- request: GET REDACTED://backstage-demo-bamboo.westeurope.cloudapp.azure.com/rest/api/latest/plan/PP-PP-JOB1
I, [2025-04-10T15:16:35.468632 #1]  INFO -- response: Status 200
I, [2025-04-10T15:16:35.469777 #1]  INFO -- request: GET REDACTED://backstage-demo-bamboo.westeurope.cloudapp.azure.com/rest/api/latest/plan/PP-PLAN-JOB1
I, [2025-04-10T15:16:35.708399 #1]  INFO -- response: Status 200
I, [2025-04-10T15:16:35.725191 #1]  INFO -- response: Status 200
I, [2025-04-10T15:16:35.743118 #1]  INFO -- response: Status 200
I, [2025-04-10T15:16:35.746267 #1]  INFO -- response: Status 200
I, [2025-04-10T15:16:35.747274 #1]  INFO -- : Thread collection size: 4
I, [2025-04-10T15:16:35.748550 #1]  INFO -- request: GET REDACTED://backstage-demo-bamboo.westeurope.cloudapp.azure.com/rest/api/latest/deploy/project/851969/specs?format=YAML
I, [2025-04-10T15:16:36.101646 #1]  INFO -- response: Status 200
I, [2025-04-10T15:16:36.103679 #1]  INFO -- request: GET REDACTED://backstage-demo-bamboo.westeurope.cloudapp.azure.com/rest/api/latest/deploy/project/851969?expand=environment
I, [2025-04-10T15:16:36.317594 #1]  INFO -- response: Status 200
I, [2025-04-10T15:16:36.318279 #1]  INFO -- request: GET REDACTED://backstage-demo-bamboo.westeurope.cloudapp.azure.com/rest/api/latest/deploy/environment/917505/variables
I, [2025-04-10T15:16:36.543365 #1]  INFO -- response: Status 200
D, [2025-04-10T15:16:36.545905 #1] DEBUG -- : [Transformers::Bamboo::Steps]: Failed to locate transformer for 'any-task/plugin-key/com.atlassian.bamboo.plugins.tomcat.bamboo-tomcat-plugin:deployAppTask'
D, [2025-04-10T15:16:36.552289 #1] DEBUG -- : [Transformers::Bamboo::Steps]: Failed to locate transformer for 'any-task/plugin-key/com.atlassian.bamboo.plugins.tomcat.bamboo-tomcat-plugin:deployAppTask'
D, [2025-04-10T15:16:36.557088 #1] DEBUG -- : [Transformers::Bamboo::Steps]: Located transformer for 'clean'
D, [2025-04-10T15:16:36.557213 #1] DEBUG -- : [Transformers::Bamboo::Steps]: Located transformer for 'artifact-download'
I, [2025-04-10T15:16:36.560595 #1]  INFO -- : Output file(s):
I, [2025-04-10T15:16:36.562909 #1]  INFO -- :   tmp/audit/build/pp/plan2/.github/workflows/plan2.yml
I, [2025-04-10T15:16:36.563415 #1]  INFO -- :   tmp/audit/build/pp/plan2/config.json
I, [2025-04-10T15:16:36.563977 #1]  INFO -- :   tmp/audit/build/pp/plan2/source.yml
I, [2025-04-10T15:16:36.565158 #1]  INFO -- :   tmp/audit/build/pp/pp/.github/workflows/pp.yml
I, [2025-04-10T15:16:36.565819 #1]  INFO -- :   tmp/audit/build/pp/pp/config.json
I, [2025-04-10T15:16:36.566567 #1]  INFO -- :   tmp/audit/build/pp/pp/source.yml
I, [2025-04-10T15:16:36.567859 #1]  INFO -- :   tmp/audit/build/pp/plan2/.github/workflows/plan2.yml
I, [2025-04-10T15:16:36.568597 #1]  INFO -- :   tmp/audit/build/pp/plan2/config.json
I, [2025-04-10T15:16:36.569404 #1]  INFO -- :   tmp/audit/build/pp/plan2/source.yml
I, [2025-04-10T15:16:36.570558 #1]  INFO -- :   tmp/audit/build/pp/pp/.github/workflows/pp.yml
I, [2025-04-10T15:16:36.571326 #1]  INFO -- :   tmp/audit/build/pp/pp/config.json
I, [2025-04-10T15:16:36.572099 #1]  INFO -- :   tmp/audit/build/pp/pp/source.yml
I, [2025-04-10T15:16:36.573859 #1]  INFO -- :   tmp/audit/deployment/a/.github/workflows/a_pro.yml
I, [2025-04-10T15:16:36.574711 #1]  INFO -- :   tmp/audit/deployment/a/config.json
I, [2025-04-10T15:16:36.575600 #1]  INFO -- :   tmp/audit/deployment/a/source.yml
I, [2025-04-10T15:16:36.577710 #1]  INFO -- :   tmp/audit/workflow_usage.csv
I, [2025-04-10T15:16:36.581843 #1]  INFO -- :   tmp/audit/audit_summary.md
W, [2025-04-10T15:16:41.198150 #1]  WARN -- : Secrets redacted in file(s):
W, [2025-04-10T15:16:41.198415 #1]  WARN -- :   tmp/audit/build/pp/plan2/.github/workflows/plan2.yml
W, [2025-04-10T15:16:41.198626 #1]  WARN -- :   tmp/audit/build/pp/plan2/source.yml
W, [2025-04-10T15:16:41.198803 #1]  WARN -- :   tmp/audit/build/pp/plan2/config.json
W, [2025-04-10T15:16:41.198943 #1]  WARN -- :   tmp/audit/log/valet-20250410-151633.log
I, [2025-04-10T15:16:41.238005 #1]  INFO -- request: GET https://api.github.com/user
I, [2025-04-10T15:16:41.319234 #1]  INFO -- response: Status 200
I, [2025-04-10T15:16:41.320466 #1]  INFO -- : Sending telemetry with transaction id '01fe0fb9-0e13-47af-af2c-c0c922ba005c'
